# JRE version: Java(TM) SE Runtime Environment (8.0_51-b16) (build 1.8.0_51-b16)
# Java VM: Java HotSpot(TM) 64-Bit Server VM (25.51-b03 mixed mode bsd-amd64 compressed oops)
Heap:
 PSYoungGen      total 155648K, used 17866K [0x0000000795580000, 0x00000007a5080000, 0x00000007c0000000)
  eden space 133120K, 11% used [0x0000000795580000,0x00000007965132c0,0x000000079d780000)
  from space 22528K, 8% used [0x000000079d780000,0x000000079d95f600,0x000000079ed80000)
  to   space 22016K, 0% used [0x00000007a3b00000,0x00000007a3b00000,0x00000007a5080000)
 ParOldGen       total 87552K, used 44854K [0x0000000740000000, 0x0000000745580000, 0x0000000795580000)
  object space 87552K, 51% used [0x0000000740000000,0x0000000742bcd950,0x0000000745580000)
 Metaspace       used 16041K, capacity 16216K, committed 16512K, reserved 1064960K
  class space    used 1758K, capacity 1808K, committed 1920K, reserved 1048576K
GC Heap History (10 events):
Event: 9.893 GC heap before
{Heap before GC invocations=5 (full 0):
 PSYoungGen      total 38400K, used 31852K [0x0000000795580000, 0x000000079a080000, 0x00000007c0000000)
  eden space 33280K, 89% used [0x0000000795580000,0x00000007972aedf8,0x0000000797600000)
  from space 5120K, 38% used [0x0000000797b00000,0x0000000797cec4f0,0x0000000798000000)
  to   space 5120K, 0% used [0x0000000797600000,0x0000000797600000,0x0000000797b00000)
 ParOldGen       total 87552K, used 38505K [0x0000000740000000, 0x0000000745580000, 0x0000000795580000)
  object space 87552K, 43% used [0x0000000740000000,0x000000074259a698,0x0000000745580000)
 Metaspace       used 15627K, capacity 15778K, committed 16000K, reserved 1062912K
  class space    used 1750K, capacity 1799K, committed 1920K, reserved 1048576K
Event: 9.903 GC heap after
Heap after GC invocations=5 (full 0):
 PSYoungGen      total 38400K, used 2186K [0x0000000795580000, 0x000000079c880000, 0x00000007c0000000)
  eden space 33280K, 0% used [0x0000000795580000,0x0000000795580000,0x0000000797600000)
  from space 5120K, 42% used [0x0000000797600000,0x0000000797822870,0x0000000797b00000)
  to   space 25600K, 0% used [0x000000079af80000,0x000000079af80000,0x000000079c880000)
 ParOldGen       total 87552K, used 42505K [0x0000000740000000, 0x0000000745580000, 0x0000000795580000)
  object space 87552K, 48% used [0x0000000740000000,0x00000007429826b0,0x0000000745580000)
 Metaspace       used 15627K, capacity 15778K, committed 16000K, reserved 1062912K
  class space    used 1750K, capacity 1799K, committed 1920K, reserved 1048576K
}
Event: 10.147 GC heap before
{Heap before GC invocations=6 (full 0):
 PSYoungGen      total 38400K, used 32705K [0x0000000795580000, 0x000000079c880000, 0x00000007c0000000)
  eden space 33280K, 91% used [0x0000000795580000,0x000000079734dd10,0x0000000797600000)
  from space 5120K, 42% used [0x0000000797600000,0x0000000797822870,0x0000000797b00000)
  to   space 25600K, 0% used [0x000000079af80000,0x000000079af80000,0x000000079c880000)
 ParOldGen       total 87552K, used 42505K [0x0000000740000000, 0x0000000745580000, 0x0000000795580000)
  object space 87552K, 48% used [0x0000000740000000,0x00000007429826b0,0x0000000745580000)
 Metaspace       used 15651K, capacity 15778K, committed 16000K, reserved 1062912K
  class space    used 1750K, capacity 1799K, committed 1920K, reserved 1048576K
Event: 10.156 GC heap after
Heap after GC invocations=6 (full 0):
 PSYoungGen      total 90112K, used 2432K [0x0000000795580000, 0x000000079c680000, 0x00000007c0000000)
  eden space 66560K, 0% used [0x0000000795580000,0x0000000795580000,0x0000000799680000)
  from space 23552K, 10% used [0x000000079af80000,0x000000079b1e0270,0x000000079c680000)
  to   space 24576K, 0% used [0x0000000799680000,0x0000000799680000,0x000000079ae80000)
 ParOldGen       total 87552K, used 42513K [0x0000000740000000, 0x0000000745580000, 0x0000000795580000)
  object space 87552K, 48% used [0x0000000740000000,0x00000007429846b0,0x0000000745580000)
 Metaspace       used 15651K, capacity 15778K, committed 16000K, reserved 1062912K
  class space    used 1750K, capacity 1799K, committed 1920K, reserved 1048576K
}
Event: 10.604 GC heap before
{Heap before GC invocations=7 (full 0):
 PSYoungGen      total 90112K, used 68415K [0x0000000795580000, 0x000000079c680000, 0x00000007c0000000)
  eden space 66560K, 99% used [0x0000000795580000,0x00000007995efa30,0x0000000799680000)
  from space 23552K, 10% used [0x000000079af80000,0x000000079b1e0270,0x000000079c680000)
  to   space 24576K, 0% used [0x0000000799680000,0x0000000799680000,0x000000079ae80000)
 ParOldGen       total 87552K, used 42513K [0x0000000740000000, 0x0000000745580000, 0x0000000795580000)
  object space 87552K, 48% used [0x0000000740000000,0x00000007429846b0,0x0000000745580000)
 Metaspace       used 15703K, capacity 15896K, committed 16256K, reserved 1062912K
  class space    used 1755K, capacity 1808K, committed 1920K, reserved 1048576K
Event: 10.615 GC heap after
Heap after GC invocations=7 (full 0):
 PSYoungGen      total 91136K, used 5488K [0x0000000795580000, 0x00000007a0480000, 0x00000007c0000000)
  eden space 66560K, 0% used [0x0000000795580000,0x0000000795580000,0x0000000799680000)
  from space 24576K, 22% used [0x0000000799680000,0x0000000799bdc218,0x000000079ae80000)
  to   space 23040K, 0% used [0x000000079ee00000,0x000000079ee00000,0x00000007a0480000)
 ParOldGen       total 87552K, used 43893K [0x0000000740000000, 0x0000000745580000, 0x0000000795580000)
  object space 87552K, 50% used [0x0000000740000000,0x0000000742add4d0,0x0000000745580000)
 Metaspace       used 15703K, capacity 15896K, committed 16256K, reserved 1062912K
  class space    used 1755K, capacity 1808K, committed 1920K, reserved 1048576K
}
Event: 10.961 GC heap before
{Heap before GC invocations=8 (full 0):
 PSYoungGen      total 91136K, used 72048K [0x0000000795580000, 0x00000007a0480000, 0x00000007c0000000)
  eden space 66560K, 100% used [0x0000000795580000,0x0000000799680000,0x0000000799680000)
  from space 24576K, 22% used [0x0000000799680000,0x0000000799bdc218,0x000000079ae80000)
  to   space 23040K, 0% used [0x000000079ee00000,0x000000079ee00000,0x00000007a0480000)
 ParOldGen       total 87552K, used 43893K [0x0000000740000000, 0x0000000745580000, 0x0000000795580000)
  object space 87552K, 50% used [0x0000000740000000,0x0000000742add4d0,0x0000000745580000)
 Metaspace       used 15738K, capacity 15896K, committed 16256K, reserved 1062912K
  class space    used 1755K, capacity 1808K, committed 1920K, reserved 1048576K
Event: 10.964 GC heap after
Heap after GC invocations=8 (full 0):
 PSYoungGen      total 155136K, used 1515K [0x0000000795580000, 0x00000007a0380000, 0x00000007c0000000)
  eden space 133120K, 0% used [0x0000000795580000,0x0000000795580000,0x000000079d780000)
  from space 22016K, 6% used [0x000000079ee00000,0x000000079ef7af00,0x00000007a0380000)
  to   space 22528K, 0% used [0x000000079d780000,0x000000079d780000,0x000000079ed80000)
 ParOldGen       total 87552K, used 44390K [0x0000000740000000, 0x0000000745580000, 0x0000000795580000)
  object space 87552K, 50% used [0x0000000740000000,0x0000000742b59bd0,0x0000000745580000)
 Metaspace       used 15738K, capacity 15896K, committed 16256K, reserved 1062912K
  class space    used 1755K, capacity 1808K, committed 1920K, reserved 1048576K
}
Event: 13.842 GC heap before
{Heap before GC invocations=9 (full 0):
 PSYoungGen      total 155136K, used 134635K [0x0000000795580000, 0x00000007a0380000, 0x00000007c0000000)
  eden space 133120K, 100% used [0x0000000795580000,0x000000079d780000,0x000000079d780000)
  from space 22016K, 6% used [0x000000079ee00000,0x000000079ef7af00,0x00000007a0380000)
  to   space 22528K, 0% used [0x000000079d780000,0x000000079d780000,0x000000079ed80000)
 ParOldGen       total 87552K, used 44390K [0x0000000740000000, 0x0000000745580000, 0x0000000795580000)
  object space 87552K, 50% used [0x0000000740000000,0x0000000742b59bd0,0x0000000745580000)
 Metaspace       used 15947K, capacity 16152K, committed 16512K, reserved 1064960K
  class space    used 1756K, capacity 1808K, committed 1920K, reserved 1048576K
Event: 13.844 GC heap after
Heap after GC invocations=9 (full 0):
 PSYoungGen      total 155648K, used 1917K [0x0000000795580000, 0x00000007a5080000, 0x00000007c0000000)
  eden space 133120K, 0% used [0x0000000795580000,0x0000000795580000,0x000000079d780000)
  from space 22528K, 8% used [0x000000079d780000,0x000000079d95f600,0x000000079ed80000)
  to   space 22016K, 0% used [0x00000007a3b00000,0x00000007a3b00000,0x00000007a5080000)
 ParOldGen       total 87552K, used 44854K [0x0000000740000000, 0x0000000745580000, 0x0000000795580000)
  object space 87552K, 51% used [0x0000000740000000,0x0000000742bcd950,0x0000000745580000)
 Metaspace       used 15947K, capacity 16152K, committed 16512K, reserved 1064960K
  class space    used 1756K, capacity 1808K, committed 1920K, reserved 1048576K
}

